1605081927328	mozrunner::runner	INFO	Running command: "C:\\Program Files\\Mozilla Firefox\\firefox.exe" "-marionette" "-foreground" "-no-remote" "-profile" "C:\\Users\\ketan\\AppData\\Local\\Temp\\rust_mozprofile9JE6Jj"
1605082044776	mozrunner::runner	INFO	Running command: "C:\\Program Files\\Mozilla Firefox\\firefox.exe" "-marionette" "-foreground" "-no-remote" "-profile" "C:\\Users\\ketan\\AppData\\Local\\Temp\\rust_mozprofilehHbQlD"
Can't find symbol 'eglSwapBuffersWithDamageEXT'.
JavaScript error: resource://gre/modules/XULStore.jsm, line 66: Error: Can't find profile directory.
console.warn: SearchSettings: "get: No settings file exists, new profile?" (new Error("", "(unknown module)"))
1605082050386	Marionette	INFO	Listening on port 62888
1605082051450	Marionette	WARN	TLS certificate errors will be ignored for this session
[Parent 14608, Gecko_IOThread] WARNING: file /builds/worker/checkouts/gecko/ipc/chromium/src/base/process_util_win.cc, line 166
1605082159654	Marionette	INFO	Stopped listening on port 62888

###!!! [Child][RunMessage] Error: Channel closing: too late to send/recv, messages will be lost


###!!! [Child][MessageChannel::SendAndWait] Error: Channel error: cannot send/recv

sWithDamageEXT'.
JavaScript error: resource://gre/modules/XULStore.jsm, line 66: Error: Can't find profile directory.
console.warn: SearchSettings: "get: No settings file exists, new profile?" (new Error("", "(unknown module)"))
1605082093839	Marionette	INFO	Listening on port 62974
1605082093947	Marionette	WARN	TLS certificate errors will be ignored for this session
1605082109724	Marionette	INFO	Stopped listening on port 62974

###!!! [Child][MessageChannel::SendAndWait] Error: (msgtype=0x5D0005,name=PImageBridge::Msg_WillClose) Channel error: cannot send/recv

1605082526267	mozrunner::runner	INFO	Running command: "C:\\Program Files\\Mozilla Firefox\\firefox.exe" "-marionette" "-foreground" "-no-remote" "-profile" "C:\\Users\\ketan\\AppData\\Local\\Temp\\rust_mozprofileoTAxCG"
Can't find symbol 'eglSwapBuffersWithDamageEXT'.
JavaScript error: resource://gre/modules/XULStore.jsm, line 66: Error: Can't find profile directory.
console.warn: SearchSettings: "get: No settings file exists, new profile?" (new Error("", "(unknown module)"))
1605082533480	Marionette	INFO	Listening on port 63212
1605082533609	Marionette	WARN	TLS certificate errors will be ignored for this session
[Parent 13476, Gecko_IOThread] WARNING: file /builds/worker/checkouts/gecko/ipc/chromium/src/base/process_util_win.cc, line 166
1605082642375	Marionette	INFO	Stopped listening on port 63212

###!!! [Child][MessageChannel::SendAndWait] Error: Channel error: cannot send/recv

1605082645865	mozrunner::runner	INFO	Running command: "C:\\Program Files\\Mozilla Firefox\\firefox.exe" "-marionette" "-foreground" "-no-remote" "-profile" "C:\\Users\\ketan\\AppData\\Local\\Temp\\rust_mozprofileNyTEET"
Can't find symbol 'eglSwapBuffersWithDamageEXT'.
JavaScript error: resource://gre/modules/XULStore.jsm, line 66: Error: Can't find profile directory.
console.warn: SearchSettings: "get: No settings file exists, new profile?" (new Error("", "(unknown module)"))
1605082650655	Marionette	INFO	Listening on port 63317
1605082651122	Marionette	WARN	TLS certificate errors will be ignored for this session
1605082664987	Marionette	INFO	Stopped listening on port 63317

###!!! [Child][RunMessage] Error: Channel closing: too late to send/recv, messages will be lost


###!!! [Child][MessageChannel::SendAndWait] Error: Channel error: cannot send/recv

1605082737866	mozrunner::runner	INFO	Running command: "C:\\Program Files\\Mozilla Firefox\\firefox.exe" "-marionette" "-foreground" "-no-remote" "-profile" "C:\\Users\\ketan\\AppData\\Local\\Temp\\rust_mozprofileJdvboO"
Can't find symbol 'eglSwapBuffersWithDamageEXT'.
JavaScript error: resource://gre/modules/XULStore.jsm, line 66: Error: Can't find profile directory.
console.warn: SearchSettings: "get: No settings file exists, new profile?" (new Error("", "(unknown module)"))
1605082742403	Marionette	INFO	Listening on port 63395
1605082742757	Marionette	WARN	TLS certificate errors will be ignored for this session
1605082765722	Marionette	INFO	Stopped listening on port 63395

###!!! [Child][RunMessage] Error: Channel closing: too late to send/recv, messages will be lost


###!!! [Child][MessageChannel::SendAndWait] Error: Channel error: cannot send/recv

1605082783499	mozrunner::runner	INFO	Running command: "C:\\Program Files\\Mozilla Firefox\\firefox.exe" "-marionette" "-foreground" "-no-remote" "-profile" "C:\\Users\\ketan\\AppData\\Local\\Temp\\rust_mozprofileShnVxO"
Can't find symbol 'eglSwapBuffersWithDamageEXT'.
JavaScript error: resource://gre/modules/XULStore.jsm, line 66: Error: Can't find profile directory.
console.warn: SearchSettings: "get: No settings file exists, new profile?" (new Error("", "(unknown module)"))
1605082787715	Marionette	INFO	Listening on port 63463
1605082788230	Marionette	WARN	TLS certificate errors will be ignored for this session
console.warn: LoginRecipes: "getRecipes: falling back to a synchronous message for:" "https://www.google.com"
console.warn: LoginRecipes: "getRecipes: falling back to a synchronous message for:" "https://www.google.com"
1605082936116	Marionette	INFO	Stopped listening on port 63463

###!!! [Child][RunMessage] Error: Channel closing: too late to send/recv, messages will be lost


###!!! [Child][MessageChannel::SendAndWait] Error: Channel error: cannot send/recv

1605083411490	mozrunner::runner	INFO	Running command: "C:\\Program Files\\Mozilla Firefox\\firefox.exe" "-marionette" "-foreground" "-no-remote" "-profile" "C:\\Users\\ketan\\AppData\\Local\\Temp\\rust_mozprofilePfiEAW"
Can't find symbol 'eglSwapBuffersWithDamageEXT'.
JavaScript error: resource://gre/modules/XULStore.jsm, line 66: Error: Can't find profile directory.
console.warn: SearchSettings: "get: No settings file exists, new profile?" (new Error("", "(unknown module)"))
1605083416132	Marionette	INFO	Listening on port 63684
1605083416229	Marionette	WARN	TLS certificate errors will be ignored for this session
JavaScript error: resource://gre/modules/URIFixup.jsm, line 271: NS_ERROR_FAILURE: Should pass a non-null uri
1605083578412	Marionette	INFO	Stopped listening on port 63684

###!!! [Child][RunMessage] Error: Channel closing: too late to send/recv, messages will be lost


###!!! [Child][MessageChannel::SendAndWait] Error: Channel error: cannot send/recv

1605083593555	mozrunner::runner	INFO	Running command: "C:\\Program Files\\Mozilla Firefox\\firefox.exe" "-marionette" "-foreground" "-no-remote" "-profile" "C:\\Users\\ketan\\AppData\\Local\\Temp\\rust_mozprofileGcuepP"
Can't find symbol 'eglSwapBuffersWithDamageEXT'.
JavaScript error: resource://gre/modules/XULStore.jsm, line 66: Error: Can't find profile directory.
console.warn: SearchSettings: "get: No settings file exists, new profile?" (new Error("", "(unknown module)"))
1605083599992	Marionette	INFO	Listening on port 63773
1605083600384	Marionette	WARN	TLS certificate errors will be ignored for this session
JavaScript error: , line 0: NetworkError: A network error occurred.
JavaScript error: , line 0: NetworkError: A network error occurred.
1605083623209	Marionette	INFO	Stopped listening on port 63773

###!!! [Child][MessageChannel::SendAndWait] Error: Channel error: cannot send/recv

1605083665188	mozrunner::runner	INFO	Running command: "C:\\Program Files\\Mozilla Firefox\\firefox.exe" "-marionette" "-foreground" "-no-remote" "-profile" "C:\\Users\\ketan\\AppData\\Local\\Temp\\rust_mozprofileMr3It7"
Can't find symbol 'eglSwapBuffersWithDamageEXT'.
JavaScript error: resource://gre/modules/XULStore.jsm, line 66: Error: Can't find profile directory.
console.warn: SearchSettings: "get: No settings file exists, new profile?" (new Error("", "(unknown module)"))
1605083669466	Marionette	INFO	Listening on port 63832
1605083669924	Marionette	WARN	TLS certificate errors will be ignored for this session
1605083700829	Marionette	INFO	Stopped listening on port 63832

###!!! [Child][RunMessage] Error: Channel closing: too late to send/recv, messages will be lost


###!!! [Child][MessageChannel::SendAndWait] Error: Channel error: cannot send/recv

1605085183635	mozrunner::runner	INFO	Running command: "C:\\Program Files\\Mozilla Firefox\\firefox.exe" "-marionette" "-foreground" "-no-remote" "-profile" "C:\\Users\\ketan\\AppData\\Local\\Temp\\rust_mozprofilelrDxes"
Can't find symbol 'eglSwapBuffersWithDamageEXT'.
JavaScript error: resource://gre/modules/XULStore.jsm, line 66: Error: Can't find profile directory.
console.warn: SearchSettings: "get: No settings file exists, new profile?" (new Error("", "(unknown module)"))
1605085188592	Marionette	INFO	Listening on port 64112
1605085188869	Marionette	WARN	TLS certificate errors will be ignored for this session
1605085388341	Marionette	INFO	Stopped listening on port 64112

###!!! [Child][RunMessage] Error: Channel closing: too late to send/recv, messages will be lost


###!!! [Child][MessageChannel::SendAndWait] Error: ChaCan't find symbol 'eglSwapBuffersWithDamageEXT'.
JavaScript error: resource://gre/modules/XULStore.jsm, line 66: Error: Can't find profile directory.
console.warn: SearchSettings: "get: No settings file exists, new profile?" (new Error("", "(unknown module)"))
1605085393244	Marionette	INFO	Listening on port 64207
1605085393559	Marionette	WARN	TLS certificate errors will be ignored for this session
console.warn: LoginRecipes: "getRecipes: falling back to a synchronous message for:" "https://www.google.com"
1605086925993	Marionette	INFO	Stopped listening on port 64207

###!!! [Child][RunMessage] Error: Channel closing: too late to send/recv, messages will be lost


###!!! [Child][MessageChannel::SendAndWait] Error: Channel error: cannot send/recv

sWithDamageEXT'.
JavaScript error: resource://gre/modules/XULStore.jsm, line 66: Error: Can't find profile directory.
console.warn: SearchSettings: "get: No settings file exists, new profile?" (new Error("", "(unknown module)"))
1605086027051	Marionette	INFO	Listening on port 64517
1605086027108	Marionette	WARN	TLS certificate errors will be ignored for this session
1605086923388	Marionette	INFO	Stopped listening on port 64517

###!!! [Child][MessageChannel::SendAndWait] Error: Channel error: cannot send/recv

ile" "C:\\Users\\ketan\\AppData\\Local\\Temp\\rust_mozprofiles8MsEv"
Can't find symbol 'eglSwapBuffersWithDamageEXT'.
JavaScript error: resource://gre/modules/XULStore.jsm, line 66: Error: Can't find profile directory.
console.warn: SearchSettings: "get: No settings file exists, new profile?" (new Error("", "(unknown module)"))
1605086161047	Marionette	INFO	Listening on port 64637
1605086161123	Marionette	WARN	TLS certificate errors will be ignored for this session
[Child 19684, Chrome_ChildThread] WARNING: pipe error: 232: file /builds/worker/checkouts/gecko/ipc/chromium/src/chrome/common/ipc_channel_win.cc, line 545
1605086190186	Marionette	INFO	Stopped listening on port 64637

###!!! [Child][RunMessage] Error: Channel closing: too late to send/recv, messages will be lost


###!!! [Child][MessageChannel::SendAndWait] Error: Channel error: cannot send/recv

1605086868507	mozrunner::runner	INFO	Running command: "C:\\Program Files\\Mozilla Firefox\\firefox.exe" "-marionette" "-foreground" "-no-remote" "-profile" "C:\\Users\\ketan\\AppData\\Local\\Temp\\rust_mozprofileqlcxdf"
Can't find symbol 'eglSwapBuffersWithDamageEXT'.
JavaScript error: resource://gre/modules/XULStore.jsm, line 66: Error: Can't find profile directory.
console.warn: SearchSettings: "get: No settings file exists, new profile?" (new Error("", "(unknown module)"))
1605086884088	Marionette	INFO	Listening on port 64963
1605086884562	Marionette	WARN	TLS certificate errors will be ignored for this session
1605086922110	Marionette	INFO	Stopped listening on port 64963

###!!! [Child][RunMessage] Error: Channel closing: too late to send/recv, messages will be lost


###!!! [Child][MessageChannel::SendAndWait] Error: Channel error: cannot send/recv

1605087160893	mozrunner::runner	INFO	Running command: "C:\\Program Files\\Mozilla Firefox\\firefox.exe" "-marionette" "-foreground" "-no-remote" "-profile" "C:\\Users\\ketan\\AppData\\Local\\Temp\\rust_mozprofile746k3j"
Can't find symbol 'eglSwapBuffersWithDamageEXT'.
JavaScript error: resource://gre/modules/XULStore.jsm, line 66: Error: Can't find profile directory.
console.warn: SearchSettings: "get: No settings file exists, new profile?" (new Error("", "(unknown module)"))
1605087166038	Marionette	INFO	Listening on port 65167
1605087166140	Marionette	WARN	TLS certificate errors will be ignored for this session
1605087200895	Marionette	INFO	Stopped listening on port 65167

###!!! [Child][RunMessage] Error: Channel closing: too late to send/recv, messages will be lost


###!!! [Child][MessageChannel::SendAndWait] Error: Channel error: cannot send/recv

1605087316873	mozrunner::runner	INFO	Running command: "C:\\Program Files\\Mozilla Firefox\\firefox.exe" "-marionette" "-foreground" "-no-remote" "-profile" "C:\\Users\\ketan\\AppData\\Local\\Temp\\rust_mozprofilemf8F74"
Can't find symbol 'eglSwapBuffersWithDamageEXT'.
JavaScript error: resource://gre/modules/XULStore.jsm, line 66: Error: Can't find profile directory.
console.warn: SearchSettings: "get: No settings file exists, new profile?" (new Error("", "(unknown module)"))
1605087320769	Marionette	INFO	Listening on port 65235
1605087321011	Marionette	WARN	TLS certificate errors will be ignored for this session
JavaScript error: , line 0: NetworkError: A network error occurred.
JavaScript error: , line 0: NetworkError: A network error occurred.
JavaScript error: , line 0: NetworkError: A network error occurred.
JavaScript error: , line 0: NetworkError: A network error occurred.
1605087349946	Marionette	INFO	Stopped listening on port 65235
[Parent 21000, Gecko_IOThread] WARNING: file /builds/worker/checkouts/gecko/ipc/chromium/src/base/process_util_win.cc, line 166

###!!! [Child][RunMessage] Error: Channel closing: too late to send/recv, messages will be lost


###!!! [Child][MessageChannel::SendAndWait] Error: Channel error: cannot send/recv

